
         Lattice Mapping Report File for Design Module 'CC_CPLD_TOP'


Design Information
------------------

Command line:   map -a MachXO2 -p LCMXO2-4000HC -t TQFP144 -s 4 -oc Commercial
     Common_Controller_Common_Controller.ngd -o
     Common_Controller_Common_Controller_map.ncd -pr
     Common_Controller_Common_Controller.prf -mp
     Common_Controller_Common_Controller.mrp -lpf C:/Users/yjhxfy/Google Drive/M
     MC/Hardware/Board/Code/CPLD_MB_105_Modified_Qiong/Common_Controller/Common_
     Controller_Common_Controller_synplify.lpf -lpf C:/Users/yjhxfy/Google Drive
     /MMC/Hardware/Board/Code/CPLD_MB_105_Modified_Qiong/Common_Controller.lpf
     -gui -msgset C:/Users/yjhxfy/Google
     Drive/MMC/Hardware/Board/Code/CPLD_MB_105_Modified_Qiong/promote.xml 
Target Vendor:  LATTICE
Target Device:  LCMXO2-4000HCTQFP144
Target Performance:   4
Mapper:  xo2c00,  version:  Diamond (64-bit) 3.6.0.83.4
Mapped on:  03/27/16  13:35:12

Design Summary
--------------

   Number of registers:      0 out of  4665 (0%)
      PFU registers:            0 out of  4320 (0%)
      PIO registers:            0 out of   345 (0%)
   Number of SLICEs:         1 out of  2160 (0%)
      SLICEs as Logic/ROM:      1 out of  2160 (0%)
      SLICEs as RAM:            0 out of  1620 (0%)
      SLICEs as Carry:          0 out of  2160 (0%)
   Number of LUT4s:          1 out of  4320 (0%)
      Number used as logic LUTs:          1
      Number used as distributed RAM:     0
      Number used as ripple logic:        0
      Number used as shift registers:     0
   Number of PIO sites used: 89 + 4(JTAG) out of 115 (81%)
   Number of block RAMs:  0 out of 10 (0%)
   Number of GSRs:  0 out of 1 (0%)
   EFB used :       No
   JTAG used :      No
   Readback used :  No
   Oscillator used :  No
   Startup used :   No
   POR :            On
   Bandgap :        On
   Number of Power Controller:  0 out of 1 (0%)
   Number of Dynamic Bank Controller (BCINRD):  0 out of 6 (0%)
   Number of Dynamic Bank Controller (BCLVDSO):  0 out of 1 (0%)
   Number of DCCA:  0 out of 8 (0%)
   Number of DCMA:  0 out of 2 (0%)
   Number of PLLs:  0 out of 2 (0%)
   Number of DQSDLLs:  0 out of 2 (0%)
   Number of CLKDIVC:  0 out of 4 (0%)
   Number of ECLKSYNCA:  0 out of 4 (0%)
   Number of ECLKBRIDGECS:  0 out of 2 (0%)
   Notes:-
      1. Total number of LUT4s = (Number of logic LUT4s) + 2*(Number of
     distributed RAMs) + 2*(Number of ripple logic)
      2. Number of logic LUT4s does not include count of distributed RAM and

                                    Page 1




Design:  CC_CPLD_TOP                                   Date:  03/27/16  13:35:12

Design Summary (cont)
---------------------
     ripple logic.
   Number of clocks:  0
   Number of Clock Enables:  0
   Number of LSRs:  0
   Number of nets driven by tri-state buffers:  0
   Top 10 highest fanout non-clock nets:
     Net IO1_C_c: 2 loads
     Net IO3_C_c: 2 loads
     Net IO4_C_c: 2 loads
     Net IO2_C_c: 1 loads
     Net IO84_D_c: 1 loads
     Net IO8_C_c: 1 loads
     Net IO9_C_c: 1 loads
     Net PWM8B_C_c: 1 loads
     Net PWM9A_C_c: 1 loads
     Net PWM9B_C_c: 1 loads




   Number of warnings:  5
   Number of errors:    0
     

Design Errors/Warnings
----------------------

WARNING - map: C:/Users/yjhxfy/Google Drive/MMC/Hardware/Board/Code/CPLD_MB_105_
     Modified_Qiong/Common_Controller.lpf(223): Semantic error in "VOLTAGE 1.200
     V;": Voltage specified 1.200V is beyond the range [2.375V to 3.600V]. This
     preference has been disabled.
WARNING - map: Preference parsing results:  1 semantic error detected.
WARNING - map: Multiple comps assigned to site "113". Only one comp will be
     assigned to this location.
WARNING - map: Pref conflict: Multi-locate on site. Ignoring LOCATE COMP
     "IO49_D" SITE "113" ;
        Keeping LOCATE COMP "PWM6B_D" SITE "113" ;
     .
WARNING - map: There are semantic errors in the preference file
     C:/Users/yjhxfy/Google Drive/MMC/Hardware/Board/Code/CPLD_MB_105_Modified_Q
     iong/Common_Controller.lpf.

IO (PIO) Attributes
-------------------

+---------------------+-----------+-----------+------------+
| IO Name             | Direction | Levelmode | IO         |
|                     |           |  IO_TYPE  | Register   |
+---------------------+-----------+-----------+------------+
| IO49_D              | BIDIR     | LVCMOS33  |            |
+---------------------+-----------+-----------+------------+
| PWM10A_C            | OUTPUT    | LVCMOS33  |            |
+---------------------+-----------+-----------+------------+
| IO15_D              | OUTPUT    | LVCMOS33  |            |
+---------------------+-----------+-----------+------------+
| IO14_D              | INPUT     | LVCMOS33  |            |

                                    Page 2




Design:  CC_CPLD_TOP                                   Date:  03/27/16  13:35:12

IO (PIO) Attributes (cont)
--------------------------
+---------------------+-----------+-----------+------------+
| IO23_C              | BIDIR     | LVCMOS33  |            |
+---------------------+-----------+-----------+------------+
| IO22_C              | BIDIR     | LVCMOS33  |            |
+---------------------+-----------+-----------+------------+
| IO21_C              | BIDIR     | LVCMOS33  |            |
+---------------------+-----------+-----------+------------+
| IO20_C              | BIDIR     | LVCMOS33  |            |
+---------------------+-----------+-----------+------------+
| IO19_C              | BIDIR     | LVCMOS33  |            |
+---------------------+-----------+-----------+------------+
| IO18_C              | BIDIR     | LVCMOS33  |            |
+---------------------+-----------+-----------+------------+
| IO17_C              | BIDIR     | LVCMOS33  |            |
+---------------------+-----------+-----------+------------+
| IO16_C              | BIDIR     | LVCMOS33  |            |
+---------------------+-----------+-----------+------------+
| IO15_C              | BIDIR     | LVCMOS33  |            |
+---------------------+-----------+-----------+------------+
| IO14_C              | BIDIR     | LVCMOS33  |            |
+---------------------+-----------+-----------+------------+
| IO13_C              | BIDIR     | LVCMOS33  |            |
+---------------------+-----------+-----------+------------+
| IO12_C              | BIDIR     | LVCMOS33  |            |
+---------------------+-----------+-----------+------------+
| IO11_C              | INPUT     | LVCMOS33  |            |
+---------------------+-----------+-----------+------------+
| IO10_C              | INPUT     | LVCMOS33  |            |
+---------------------+-----------+-----------+------------+
| IO9_C               | INPUT     | LVCMOS33  |            |
+---------------------+-----------+-----------+------------+
| IO8_C               | OUTPUT    | LVCMOS33  |            |
+---------------------+-----------+-----------+------------+
| IO7_C               | OUTPUT    | LVCMOS33  |            |
+---------------------+-----------+-----------+------------+
| IO6_C               | OUTPUT    | LVCMOS33  |            |
+---------------------+-----------+-----------+------------+
| IO5_C               | OUTPUT    | LVCMOS33  |            |
+---------------------+-----------+-----------+------------+
| IO4_C               | OUTPUT    | LVCMOS33  |            |
+---------------------+-----------+-----------+------------+
| IO3_C               | OUTPUT    | LVCMOS33  |            |
+---------------------+-----------+-----------+------------+
| IO2_C               | OUTPUT    | LVCMOS33  |            |
+---------------------+-----------+-----------+------------+
| IO1_C               | OUTPUT    | LVCMOS33  |            |
+---------------------+-----------+-----------+------------+
| IO0_C               | OUTPUT    | LVCMOS33  |            |
+---------------------+-----------+-----------+------------+
| PWM18B_C            | OUTPUT    | LVCMOS33  |            |
+---------------------+-----------+-----------+------------+
| PWM18A_C            | OUTPUT    | LVCMOS33  |            |
+---------------------+-----------+-----------+------------+
| PWM17B_C            | OUTPUT    | LVCMOS33  |            |
+---------------------+-----------+-----------+------------+
| PWM17A_C            | OUTPUT    | LVCMOS33  |            |

                                    Page 3




Design:  CC_CPLD_TOP                                   Date:  03/27/16  13:35:12

IO (PIO) Attributes (cont)
--------------------------
+---------------------+-----------+-----------+------------+
| PWM16B_C            | OUTPUT    | LVCMOS33  |            |
+---------------------+-----------+-----------+------------+
| PWM16A_C            | OUTPUT    | LVCMOS33  |            |
+---------------------+-----------+-----------+------------+
| PWM15B_C            | OUTPUT    | LVCMOS33  |            |
+---------------------+-----------+-----------+------------+
| PWM15A_C            | OUTPUT    | LVCMOS33  |            |
+---------------------+-----------+-----------+------------+
| PWM14B_C            | OUTPUT    | LVCMOS33  |            |
+---------------------+-----------+-----------+------------+
| PWM14A_C            | OUTPUT    | LVCMOS33  |            |
+---------------------+-----------+-----------+------------+
| PWM13B_C            | OUTPUT    | LVCMOS33  |            |
+---------------------+-----------+-----------+------------+
| PWM13A_C            | OUTPUT    | LVCMOS33  |            |
+---------------------+-----------+-----------+------------+
| PWM12B_C            | OUTPUT    | LVCMOS33  |            |
+---------------------+-----------+-----------+------------+
| PWM12A_C            | OUTPUT    | LVCMOS33  |            |
+---------------------+-----------+-----------+------------+
| PWM11B_C            | OUTPUT    | LVCMOS33  |            |
+---------------------+-----------+-----------+------------+
| PWM11A_C            | OUTPUT    | LVCMOS33  |            |
+---------------------+-----------+-----------+------------+
| PWM10B_C            | OUTPUT    | LVCMOS33  |            |
+---------------------+-----------+-----------+------------+
| PWM9B_C             | OUTPUT    | LVCMOS33  |            |
+---------------------+-----------+-----------+------------+
| PWM9A_C             | OUTPUT    | LVCMOS33  |            |
+---------------------+-----------+-----------+------------+
| PWM8B_C             | OUTPUT    | LVCMOS33  |            |
+---------------------+-----------+-----------+------------+
| PWM8A_C             | OUTPUT    | LVCMOS33  |            |
+---------------------+-----------+-----------+------------+
| PWM7B_C             | OUTPUT    | LVCMOS33  |            |
+---------------------+-----------+-----------+------------+
| PWM7A_C             | OUTPUT    | LVCMOS33  |            |
+---------------------+-----------+-----------+------------+
| PWM6B_C             | OUTPUT    | LVCMOS33  |            |
+---------------------+-----------+-----------+------------+
| PWM6A_C             | OUTPUT    | LVCMOS33  |            |
+---------------------+-----------+-----------+------------+
| PWM5B_C             | OUTPUT    | LVCMOS33  |            |
+---------------------+-----------+-----------+------------+
| PWM5A_C             | OUTPUT    | LVCMOS33  |            |
+---------------------+-----------+-----------+------------+
| PWM4B_C             | OUTPUT    | LVCMOS33  |            |
+---------------------+-----------+-----------+------------+
| PWM4A_C             | OUTPUT    | LVCMOS33  |            |
+---------------------+-----------+-----------+------------+
| PWM3B_C             | OUTPUT    | LVCMOS33  |            |
+---------------------+-----------+-----------+------------+
| PWM3A_C             | OUTPUT    | LVCMOS33  |            |
+---------------------+-----------+-----------+------------+
| PWM2B_C             | OUTPUT    | LVCMOS33  |            |

                                    Page 4




Design:  CC_CPLD_TOP                                   Date:  03/27/16  13:35:12

IO (PIO) Attributes (cont)
--------------------------
+---------------------+-----------+-----------+------------+
| PWM2A_C             | OUTPUT    | LVCMOS33  |            |
+---------------------+-----------+-----------+------------+
| PWM1B_C             | OUTPUT    | LVCMOS33  |            |
+---------------------+-----------+-----------+------------+
| PWM1A_C             | OUTPUT    | LVCMOS33  |            |
+---------------------+-----------+-----------+------------+
| PWM_ENn             | OUTPUT    | LVCMOS33  |            |
+---------------------+-----------+-----------+------------+
| TZ2n                | BIDIR     | LVCMOS33  |            |
+---------------------+-----------+-----------+------------+
| TZ1n                | BIDIR     | LVCMOS33  |            |
+---------------------+-----------+-----------+------------+
| PWM9B_D             | INPUT     | LVCMOS33  |            |
+---------------------+-----------+-----------+------------+
| PWM9A_D             | INPUT     | LVCMOS33  |            |
+---------------------+-----------+-----------+------------+
| PWM8B_D             | INPUT     | LVCMOS33  |            |
+---------------------+-----------+-----------+------------+
| PWM8A_D             | INPUT     | LVCMOS33  |            |
+---------------------+-----------+-----------+------------+
| PWM7B_D             | INPUT     | LVCMOS33  |            |
+---------------------+-----------+-----------+------------+
| PWM7A_D             | INPUT     | LVCMOS33  |            |
+---------------------+-----------+-----------+------------+
| PWM6B_D             | INPUT     | LVCMOS33  |            |
+---------------------+-----------+-----------+------------+
| PWM6A_D             | INPUT     | LVCMOS33  |            |
+---------------------+-----------+-----------+------------+
| PWM5B_D             | INPUT     | LVCMOS33  |            |
+---------------------+-----------+-----------+------------+
| PWM5A_D             | INPUT     | LVCMOS33  |            |
+---------------------+-----------+-----------+------------+
| PWM4B_D             | INPUT     | LVCMOS33  |            |
+---------------------+-----------+-----------+------------+
| PWM4A_D             | INPUT     | LVCMOS33  |            |
+---------------------+-----------+-----------+------------+
| PWM3B_D             | INPUT     | LVCMOS33  |            |
+---------------------+-----------+-----------+------------+
| PWM3A_D             | INPUT     | LVCMOS33  |            |
+---------------------+-----------+-----------+------------+
| PWM2B_D             | INPUT     | LVCMOS33  |            |
+---------------------+-----------+-----------+------------+
| PWM2A_D             | INPUT     | LVCMOS33  |            |
+---------------------+-----------+-----------+------------+
| PWM1B_D             | INPUT     | LVCMOS33  |            |
+---------------------+-----------+-----------+------------+
| PWM1A_D             | INPUT     | LVCMOS33  |            |
+---------------------+-----------+-----------+------------+
| IO22_D              | INPUT     | LVCMOS33  |            |
+---------------------+-----------+-----------+------------+
| IO21_D              | BIDIR     | LVCMOS33  |            |
+---------------------+-----------+-----------+------------+
| IO20_D              | BIDIR     | LVCMOS33  |            |
+---------------------+-----------+-----------+------------+
| IO85_D              | OUTPUT    | LVCMOS33  |            |

                                    Page 5




Design:  CC_CPLD_TOP                                   Date:  03/27/16  13:35:12

IO (PIO) Attributes (cont)
--------------------------
+---------------------+-----------+-----------+------------+
| IO84_D              | OUTPUT    | LVCMOS33  |            |
+---------------------+-----------+-----------+------------+

Removed logic
-------------

Block GSR_INST undriven or does not drive anything - clipped.
Block IO86_D_pad undriven or does not drive anything - clipped.
Block IO87_D_pad undriven or does not drive anything - clipped.
Block IO23_D_pad undriven or does not drive anything - clipped.
Block FO1_pad undriven or does not drive anything - clipped.
Block FO2_pad undriven or does not drive anything - clipped.
Block FO3_pad undriven or does not drive anything - clipped.
Block FO4_pad undriven or does not drive anything - clipped.
Block FO5_pad undriven or does not drive anything - clipped.
Block FO6_pad undriven or does not drive anything - clipped.
Block CMP_OUT1_pad undriven or does not drive anything - clipped.
Block CMP_OUT2_pad undriven or does not drive anything - clipped.
Block CMP_OUT3_pad undriven or does not drive anything - clipped.
Block CMP_OUT4_pad undriven or does not drive anything - clipped.
Block CMP_OUT5_pad undriven or does not drive anything - clipped.
Block CMP_OUT6_pad undriven or does not drive anything - clipped.
Block CMP_OUT7_pad undriven or does not drive anything - clipped.
Block CMP_OUT8_pad undriven or does not drive anything - clipped.
Block CMP_OUT9_pad undriven or does not drive anything - clipped.
Block CMP_OUT10_pad undriven or does not drive anything - clipped.
Block CMP_OUT11_pad undriven or does not drive anything - clipped.
Block CMP_OUT12_pad undriven or does not drive anything - clipped.
Signal VCC undriven or does not drive anything - clipped.
Signal IO86_D_c undriven or does not drive anything - clipped.
Signal IO86_D undriven or does not drive anything - clipped.
Signal IO87_D_c undriven or does not drive anything - clipped.
Signal IO87_D undriven or does not drive anything - clipped.
Signal IO20_D_0 undriven or does not drive anything - clipped.
Signal IO21_D_0 undriven or does not drive anything - clipped.
Signal IO23_D_c undriven or does not drive anything - clipped.
Signal IO23_D undriven or does not drive anything - clipped.
Signal TZ1n_0 undriven or does not drive anything - clipped.
Signal TZ2n_0 undriven or does not drive anything - clipped.
Signal FO1_c undriven or does not drive anything - clipped.
Signal FO1 undriven or does not drive anything - clipped.
Signal FO2_c undriven or does not drive anything - clipped.
Signal FO2 undriven or does not drive anything - clipped.
Signal FO3_c undriven or does not drive anything - clipped.
Signal FO3 undriven or does not drive anything - clipped.
Signal FO4_c undriven or does not drive anything - clipped.
Signal FO4 undriven or does not drive anything - clipped.
Signal FO5_c undriven or does not drive anything - clipped.
Signal FO5 undriven or does not drive anything - clipped.
Signal FO6_c undriven or does not drive anything - clipped.
Signal FO6 undriven or does not drive anything - clipped.
Signal CMP_OUT1_c undriven or does not drive anything - clipped.
Signal CMP_OUT1 undriven or does not drive anything - clipped.
Signal CMP_OUT2_c undriven or does not drive anything - clipped.
Signal CMP_OUT2 undriven or does not drive anything - clipped.

                                    Page 6




Design:  CC_CPLD_TOP                                   Date:  03/27/16  13:35:12

Removed logic (cont)
--------------------
Signal CMP_OUT3_c undriven or does not drive anything - clipped.
Signal CMP_OUT3 undriven or does not drive anything - clipped.
Signal CMP_OUT4_c undriven or does not drive anything - clipped.
Signal CMP_OUT4 undriven or does not drive anything - clipped.
Signal CMP_OUT5_c undriven or does not drive anything - clipped.
Signal CMP_OUT5 undriven or does not drive anything - clipped.
Signal CMP_OUT6_c undriven or does not drive anything - clipped.
Signal CMP_OUT6 undriven or does not drive anything - clipped.
Signal CMP_OUT7_c undriven or does not drive anything - clipped.
Signal CMP_OUT7 undriven or does not drive anything - clipped.
Signal CMP_OUT8_c undriven or does not drive anything - clipped.
Signal CMP_OUT8 undriven or does not drive anything - clipped.
Signal CMP_OUT9_c undriven or does not drive anything - clipped.
Signal CMP_OUT9 undriven or does not drive anything - clipped.
Signal CMP_OUT10_c undriven or does not drive anything - clipped.
Signal CMP_OUT10 undriven or does not drive anything - clipped.
Signal CMP_OUT11_c undriven or does not drive anything - clipped.
Signal CMP_OUT11 undriven or does not drive anything - clipped.
Signal CMP_OUT12_c undriven or does not drive anything - clipped.
Signal CMP_OUT12 undriven or does not drive anything - clipped.
Signal IO12_C_0 undriven or does not drive anything - clipped.
Signal IO13_C_0 undriven or does not drive anything - clipped.
Signal IO14_C_0 undriven or does not drive anything - clipped.
Signal IO15_C_0 undriven or does not drive anything - clipped.
Signal IO16_C_0 undriven or does not drive anything - clipped.
Signal IO17_C_0 undriven or does not drive anything - clipped.
Signal IO18_C_0 undriven or does not drive anything - clipped.
Signal IO19_C_0 undriven or does not drive anything - clipped.
Signal IO20_C_0 undriven or does not drive anything - clipped.
Signal IO21_C_0 undriven or does not drive anything - clipped.
Signal IO22_C_0 undriven or does not drive anything - clipped.
Signal IO23_C_0 undriven or does not drive anything - clipped.
Signal IO49_D_0 undriven or does not drive anything - clipped.
Block VCC was optimized away.

Memory Usage
------------


     

Run Time and Memory Usage
-------------------------

   Total CPU Time: 0 secs  
   Total REAL Time: 3 secs  
   Peak Memory Usage: 50 MB
        









                                    Page 7


Copyright (c) 1991-1994 by NeoCAD Inc. All rights reserved.
     Copyright (c) 1995 AT&T Corp.   All rights reserved.
     Copyright (c) 1995-2001 Lucent Technologies Inc.  All rights reserved.
     Copyright (c) 2001 Agere Systems   All rights reserved.
     Copyright (c) 2002-2015 Lattice Semiconductor Corporation,  All rights
     reserved.
